<?xml version="1.0" encoding="UTF-8"?>
<!-- Generated by org.testng.reporters.JUnitXMLReporter -->
<testsuite hostname="Monica-PC" ignored="0" name="Default test" tests="4" failures="0" timestamp="04 Jun 2019 10:52:00 GMT" time="143.512" errors="0">
  <testcase name="feature" time="26.543" classname="cucumber.api.testng.AbstractTestNGCucumberTests"/>
  <testcase name="feature" time="33.083" classname="cucumber.api.testng.AbstractTestNGCucumberTests"/>
  <testcase name="feature" time="33.556" classname="cucumber.api.testng.AbstractTestNGCucumberTests"/>
  <testcase name="feature" time="48.296" classname="cucumber.api.testng.AbstractTestNGCucumberTests"/>
</testsuite> <!-- Default test -->
