<?xml version="1.0" encoding="UTF-8"?>
<!-- Generated by org.testng.reporters.JUnitXMLReporter -->
<testsuite hostname="Monica-PC" ignored="0" name="Google Search Validation" tests="2" failures="0" timestamp="25 May 2019 13:54:35 GMT" time="163.195" errors="0">
  <testcase name="feature" time="54.615" classname="cucumber.api.testng.AbstractTestNGCucumberTests"/>
  <testcase name="feature" time="106.496" classname="cucumber.api.testng.AbstractTestNGCucumberTests"/>
</testsuite> <!-- Google Search Validation -->
