<?xml version="1.0" encoding="UTF-8"?>
<!-- Generated by org.testng.reporters.JUnitXMLReporter -->
<testsuite hostname="Monica-PC" ignored="0" name="Validating User login" tests="2" failures="0" timestamp="25 May 2019 13:57:04 GMT" time="149.111" errors="0">
  <testcase name="feature" time="37.031" classname="cucumber.api.testng.AbstractTestNGCucumberTests"/>
  <testcase name="feature" time="111.897" classname="cucumber.api.testng.AbstractTestNGCucumberTests"/>
</testsuite> <!-- Validating User login -->
